c:\users\cinci\desktop\cmls project\juicy-whammy\libs\sources\soundtouch\soundtouch.vs\soundtouch.vs\x64\debug\soundtouch.vs.pdb
c:\users\cinci\desktop\cmls project\juicy-whammy\libs\sources\soundtouch\soundtouch.vs\soundtouch.vs\x64\debug\soundtouch.vs.idb
c:\users\cinci\desktop\cmls project\juicy-whammy\libs\sources\soundtouch\soundtouch.vs\soundtouch.vs\x64\debug\tdstretch.obj
c:\users\cinci\desktop\cmls project\juicy-whammy\libs\sources\soundtouch\soundtouch.vs\soundtouch.vs\x64\debug\sse_optimized.obj
c:\users\cinci\desktop\cmls project\juicy-whammy\libs\sources\soundtouch\soundtouch.vs\soundtouch.vs\x64\debug\soundtouch.obj
c:\users\cinci\desktop\cmls project\juicy-whammy\libs\sources\soundtouch\soundtouch.vs\soundtouch.vs\x64\debug\runparameters.obj
c:\users\cinci\desktop\cmls project\juicy-whammy\libs\sources\soundtouch\soundtouch.vs\soundtouch.vs\x64\debug\ratetransposer.obj
c:\users\cinci\desktop\cmls project\juicy-whammy\libs\sources\soundtouch\soundtouch.vs\soundtouch.vs\x64\debug\peakfinder.obj
c:\users\cinci\desktop\cmls project\juicy-whammy\libs\sources\soundtouch\soundtouch.vs\soundtouch.vs\x64\debug\mmx_optimized.obj
c:\users\cinci\desktop\cmls project\juicy-whammy\libs\sources\soundtouch\soundtouch.vs\soundtouch.vs\x64\debug\interpolateshannon.obj
c:\users\cinci\desktop\cmls project\juicy-whammy\libs\sources\soundtouch\soundtouch.vs\soundtouch.vs\x64\debug\interpolatelinear.obj
c:\users\cinci\desktop\cmls project\juicy-whammy\libs\sources\soundtouch\soundtouch.vs\soundtouch.vs\x64\debug\interpolatecubic.obj
c:\users\cinci\desktop\cmls project\juicy-whammy\libs\sources\soundtouch\soundtouch.vs\soundtouch.vs\x64\debug\firfilter.obj
c:\users\cinci\desktop\cmls project\juicy-whammy\libs\sources\soundtouch\soundtouch.vs\soundtouch.vs\x64\debug\fifosamplebuffer.obj
c:\users\cinci\desktop\cmls project\juicy-whammy\libs\sources\soundtouch\soundtouch.vs\soundtouch.vs\x64\debug\cpu_detect_x86.obj
c:\users\cinci\desktop\cmls project\juicy-whammy\libs\sources\soundtouch\soundtouch.vs\soundtouch.vs\x64\debug\bpmdetect.obj
c:\users\cinci\desktop\cmls project\juicy-whammy\libs\sources\soundtouch\soundtouch.vs\soundtouch.vs\x64\debug\aafilter.obj
c:\users\cinci\desktop\cmls project\juicy-whammy\libs\sources\soundtouch\soundtouch.vs\soundtouch.vs\x64\debug\soundtouch.vs.tlog\cl.command.1.tlog
c:\users\cinci\desktop\cmls project\juicy-whammy\libs\sources\soundtouch\soundtouch.vs\soundtouch.vs\x64\debug\soundtouch.vs.tlog\cl.read.1.tlog
c:\users\cinci\desktop\cmls project\juicy-whammy\libs\sources\soundtouch\soundtouch.vs\soundtouch.vs\x64\debug\soundtouch.vs.tlog\cl.write.1.tlog
